[Acumos]
0054 TXT    132   43
0055 TXT    132   25
0056 TXT2   132   43
0057 TXT2   132   25
0058 PL16   800  600
005C P256   800  600
005D PL16  1024  768
005E P256   640  400
005F P256   640  480

[Ahead]
0022 TXT    132   44
0023 TXT    132   25
0024 TXT    132   28
0025 PL16   640  480
0026 PL16   640  480
002F TXT    160   50
0034 TXT     80   66
0050 TXT2   132   25
0052 TXT2   132   44
0060 P256   640  400
0061 P256   640  480
0062 P256   800  600
0063 P256  1024  768
006A PL16   800  600
0070 PL16   720  396
0071 PL16   800  600
0074 PL16  1024  768
0075 PL4   1024  768
0076 PL2   1024  768

[ATI]
0023 TXT    132   25
0027 TXT2   132   25
0033 TXT    132   44
0037 TXT2   132   44
0053 PL16   800  560
0054 PL16   800  600
0055 PL16  1024  768
0058 TXT     80   33
005B TXT     80   30
0061 P256   640  400
0062 P256   640  480
0063 P256   800  600
0064 P256  1024  768
0065 PK16  1024  768
0067 PL4   1024  768
006A PL16   800  600
0072 P32K   640  480
0073 P32K   800  600

[AL2101]
0020 TXT    132   25
0021 TXT    132   30
0022 TXT    132   43
0023 TXT    132   60
0024 TXT     80   30
0025 TXT     80   43
0026 TXT     80   60
0027 PL16   960  720
0028 P256   512  512
0029 P256   640  400
002A P256   640  480
002B PL16   800  600
002C P256   800  600
002D PL16   768 1024
002E P256   768 1024
002F PL4   1024  768
0030 PL16  1024  768
0031 P256  1024  768
0036 PL16  1280 1024
0037 P256  1280 1024
0040 P64K   320  200
0041 P64K   512  512
0042 P64K   640  400
0043 P64K   640  480
0044 P64K   800  600

[Chips&Tech]
0060 TXT    132   25
0061 TXT    132   50
006A PL16   800  600
0070 PL16   800  600
0071 PL16   960  720
0072 PL16  1024  768
0078 P256   640  400
0079 P256   640  480
007A P256   720  540
007B P256   800  600
007C P256   800  600         ;82C453 ONLY
007E P256  1024  768

[Cirrus]
0015 TXT2   132   25
0016 TXT2   132   44
0018 TXT2   132   30
001E TXT    132   25
001F TXT    132   25
0020 TXT    132   44
0022 TXT    132   30
0031 TXT2   100   37
0040 PL16   720  540
0050 P256   640  400
0051 P256   512  480
0061 PL16   640  400
0062 PL16   640  450
0063 PL16   720  540
0064 PL16   800  600
006A PL16   800  600
0070 P256   360  480
0071 P256   528  400
0072 P256   528  480
0074 P256   320  240
0075 P256   640  400

[Cirrus54]
0014 TXT    132   25
0054 TXT    132   43
0055 TXT    132   25
0058 PL16   800  600
005C P256   800  600
005D PL16  1024  768
005F P256   640  480
0060 P256  1024  768
0064 P64K   640  480
0065 P64K   800  600
0066 P32K   640  480
0067 P32K   800  600
006A PL16   800  600
006C PL16  1280 1024
006F P64K   320  200
0070 P16M   320  200  2048
0071 P16M   640  480  2048

[Compaq]
002E P256   640  480
0059 PL16   800  600

[Everex]
0000 PL16   640  480
0001 PL16   752  410
0002 PL16   800  600
0003 TXT     80   34
0004 TXT     80   60
0005 TXT     94   29
0006 TXT     94   51
0007 TXT    100   43
0008 TXT    100   75
0009 TXT     80   44
000A TXT    132   25
000B TXT    132   44
000C TXT    132   25
000D TXT2    80   44
000E TXT2   132   25
000F TXT2   132   44
0011 PL4   1280  350
0012 PL4   1280  600
0013 P256   640  350
0014 P256   640  400
0015 P256   512  480
0016 TXT     80   30
0018 TXT    100   27
0020 PL16  1024  768
0021 PL16  1280 1024
0030 P256   640  480
0031 P256   800  600
0040 TXT    132   30
0050 TXT2   132   32
0062 P32K   320  200
0070 P32K   512  480
0071 P32K   640  480
0076 P16M   512  480
0077 P16M   640  480

[Genoa]
0043 TXT2    80   29
0044 TXT2    80   32
0045 TXT2    80   44
0046 TXT2   132   25
0047 TXT2   132   29
0048 TXT2   132   32
0049 TXT2   132   44
0058 TXT     80   32
0059 PL16   720  512
005A TXT    100   42
005B P256   640  350
005C P256   640  480
005D P256   720  512
005E P256   800  600
005F PL16  1024  768
0060 TXT    132   25
0061 TXT    132   29
0062 TXT    132   32
0063 TXT    132   44
0064 TXT    132   60
006A PL16   800  600
006B TXT    100   75
006C P256   800  600
0072 TXT     80   60
0073 PL16   640  480
0074 TXT     80   66
0078 TXT    100   75
0079 PL16   800  600
007D P256   512  512
007E P256   640  400
007F PL4   1024  768

[MXIC]
0055 PL16   800  600
0056 PL16  1024  768
0057 P256   640  350
0058 P256   640  400
0059 P256   640  480
005A P256   800  600
005B P256  1024  768

[NCR]
0054 TXT    132   50
0055 TXT    132   25
0056 TXT4   132   50
0057 TXT4   132   25
0058 PL16   800  600
0059 PL2    800  600
005A PL2   1024  768
005B PL16  1024  768
005C P256   800  600
005D PL16  1024  768
005E P256   640  400
005F P256   640  480
0061 P256  1024  768
0062 P256  1024  768
0067 PL16  1280 1024
006A P256  1280 1024
006B P256  1280  960
0070 P32K   640  480
0071 P32K   800  600
0078 P64K   640  480
0079 P64K   800  600

[Oak]
004E TXT     80   60
004F TXT    132   60
0050 TXT    132   25
0051 TXT    132   43
0052 PL16   800  600
0053 P256   640  480
0054 P256   800  600
0055 PL4   1024  768
0056 PL16  1024  768
0057 PL4    768 1024
0059 P256  1024  768
005A P32K   512  512
005B P32K   640  400
005C P32K   640  480

[Paradise]
0054 TXT    132   43
0055 TXT    132   25
0056 TXT4   132   43
0057 TXT4   132   25
0058 PL16   800  600
0059 PL2E   800  600            ;not on newer models
005A PL2E  1024  768            ;not on newer models
005B PK4   1024  768            ;not on newer models
005C P256   800  600
005D PL16  1024  768
005E P256   640  400
005F P256   640  480
0060 P256  1024  768
0061 P32K   640  400
0062 P32K   640  480
0063 P32K   800  600
0064 PL16  1280 1024
0066 TXT     80   50
0067 TXT     80   43
0068 P32K   320  200
0069 TXT    132   50
006C PL16  1280  960

[Poach]
0060 PL16   960  720
0061 PL16  1280  640
0062 P256   512  512
0063 PL16   720  540
0064 P256   720  540
006A PL16   800  600

[PRIMUS]
001E TXT     80   30
001F TXT     80   43
0020 TXT     80   60
0021 TXT    100   75
0024 TXT    132   25
0025 TXT    132   30
0026 TXT    132   43
0027 TXT    132   60
0028 PL16   512  512
0029 P256   512  512
002A PL16   800  600
002B P256   800  600
002C P256   640  400
002D P256   640  480
002E PL16   768 1024
002F P256   768 1024
0030 PL16  1024  768
0031 P256  1024  768
0032 PL16  1024 1024
0033 P256  1024 1024
0034 PL16  1152  900
0035 P256  1152  900
0036 PL16  1280 1024
0037 P256  1280 1024
0041 P32K   512  512
0042 P32K   640  350
0043 P32K   640  400
0044 P32K   640  480
0045 P32K   800  600
0041 P64K   512  512
0042 P64K   640  350
0043 P64K   640  400
0044 P64K   640  480
0045 P64K   800  600

[Realtek]
0018 TXT     80   30
0019 TXT     80   43
001A TXT     80   60
001B TXT    132   25
001C TXT    132   30
001D TXT    132   43
001E TXT    132   60
001F PL16   800  600
0020 PL16   960  720
0021 PL16  1024  768
0022 PL16   768 1024
0023 PK4   1024  768
0024 P256   512  512
0025 P256   640  400
0026 P256   640  480
0027 P256   800  600
0028 P256  1024  768
0029 P256  1024 1024
002A PL16  1280 1024

[S3]
0101 P256   640  480
0102 PL16   800  600
0103 P256   800  600
0104 PL16  1024  768
0105 P256  1024  768
0206 PK16  1280  960  1024
0208 PK16  1280 1024  1024
0301 P32K   640  480  2048

[Trident]
0050 TXT     80   30
0051 TXT     80   43
0052 TXT     80   60
0053 TXT    132   25
0054 TXT    132   30
0055 TXT    132   43
0056 TXT    132   60
0057 TXT    132   25
0058 TXT    132   30
0059 TXT    132   43
005A TXT    132   60
005B PL16   800  600
005C P256   640  400
005D P256   640  480
005E P256   800  600
005F PL16  1024  768
0060 PL4   1024  768
0061 PL16   768 1024
0062 P256  1024  768

[ET3000]
0018 TXT4   132   44
0019 TXT4   132   25
001A TXT4   132   28
0022 TXT    132   44
0023 TXT    132   25
0024 TXT    132   28
0025 PL16   640  480
0026 TXT     80   60
0027 PL16   720  512         ;TSENG RECOMM.
0029 PL16   800  600
002A TXT    100   40
002D P256   640  350
002E P256   640  480
0030 P256   800  600
0036 PL16   960  720         ;STB
0037 PL16  1024  768

[ET4000]
0018 TXT4   132   44
0019 TXT4   132   25
001A TXT4   132   28
0022 TXT    132   44
0023 TXT    132   25
0024 TXT    132   28
0025 PL16   640  480
0026 TXT     80   60
0027 PL16   720  512         ;TSENG RECOMM.
0029 PL16   800  600
002A TXT    100   40
002D P256   640  350
002E P256   640  480
002F P256   640  400
0030 P256   800  600
0036 PL16   960  720         ;STB
0037 PL16  1024  768
0038 P256  1024  768
003D PL16  1280 1024         ;NEWER ET4000s ONLY
003E PL16  1280  960         ;DEFINICON
003E P16M   640  480         ;GENOA 16M COLOR RGB
012E P16M   640  480  2048   ;SS24 16M COLOR RGB MODE
022D P16M   640  350  2048   ;MEGAVGA/2
022E P16M   640  480  2048   ;MEGAVGA/2 16M color rgb
022F P16M   640  400  2048   ;MEGAVGA/2
0313 P32K   320  200         ;32K Sierra MODE
032D P32K   640  350         ;
032E P32K   640  480         ;
032F P32K   640  400         ;
0330 P32K   800  600         ;
0413 P64K   320  200         ;32K Sierra MODE
042D P64K   640  350         ;
042E P64K   640  480         ;
042F P64K   640  400         ;
0430 P64K   800  600         ;

[Video7]
0040 TXT     80   43
0041 TXT    132   25
0042 TXT    132   43
0043 TXT     80   60
0044 TXT    100   60
0045 TXT    132   28
0060 PL16   752  410
0061 PL16   720  540
0062 PL16   800  600
0063 PL2   1024  768
0064 PL4   1024  768
0065 PL16  1024  768
0066 P256   640  400
0067 P256   640  480
0068 P256   720  540
0069 P256   800  600
0070 PL16   752  410
0071 PL16   720  540
0072 PL16   800  600
0073 PL2   1024  768          ;Grey scale
0074 PL4   1024  768          ;Grey scale
0075 PL16  1024  768          ;Grey scale
0076 P256   640  400          ;Grey scale
0077 P256   640  480          ;Grey scale
0078 P256   720  540          ;Grey scale
0079 P256   800  600          ;Grey scale
